  MyForm.cpp
D:\1- Antonine University\3rd Semester\2- Data Structure And Algorithm\Final Project Ralph Daher 202111413\FinalProjectGUI\FinalProjectGUI\MyForm.h(1474,11): warning C4244: 'initializing': conversion from 'wchar_t' to 'char', possible loss of data
D:\1- Antonine University\3rd Semester\2- Data Structure And Algorithm\Final Project Ralph Daher 202111413\FinalProjectGUI\FinalProjectGUI\MyForm.h(1492,75): warning C4244: 'argument': conversion from '__int64' to 'int', possible loss of data
D:\1- Antonine University\3rd Semester\2- Data Structure And Algorithm\Final Project Ralph Daher 202111413\FinalProjectGUI\FinalProjectGUI\MyForm.h(1514,23): warning C4553: '==': result of expression not used; did you intend '='?
D:\1- Antonine University\3rd Semester\2- Data Structure And Algorithm\Final Project Ralph Daher 202111413\FinalProjectGUI\FinalProjectGUI\MyForm.h(1515,26): warning C4553: '==': result of expression not used; did you intend '='?
D:\1- Antonine University\3rd Semester\2- Data Structure And Algorithm\Final Project Ralph Daher 202111413\FinalProjectGUI\FinalProjectGUI\MyForm.h(1520,23): warning C4553: '==': result of expression not used; did you intend '='?
D:\1- Antonine University\3rd Semester\2- Data Structure And Algorithm\Final Project Ralph Daher 202111413\FinalProjectGUI\FinalProjectGUI\MyForm.h(1521,26): warning C4553: '==': result of expression not used; did you intend '='?
D:\1- Antonine University\3rd Semester\2- Data Structure And Algorithm\Final Project Ralph Daher 202111413\FinalProjectGUI\FinalProjectGUI\MyForm.h(1529,20): warning C4553: '==': result of expression not used; did you intend '='?
D:\1- Antonine University\3rd Semester\2- Data Structure And Algorithm\Final Project Ralph Daher 202111413\FinalProjectGUI\FinalProjectGUI\MyForm.h(1530,23): warning C4553: '==': result of expression not used; did you intend '='?
D:\1- Antonine University\3rd Semester\2- Data Structure And Algorithm\Final Project Ralph Daher 202111413\FinalProjectGUI\FinalProjectGUI\MyForm.h(1553,21): warning C4553: '==': result of expression not used; did you intend '='?
D:\1- Antonine University\3rd Semester\2- Data Structure And Algorithm\Final Project Ralph Daher 202111413\FinalProjectGUI\FinalProjectGUI\MyForm.h(1559,83): warning C4244: 'argument': conversion from '__int64' to 'int', possible loss of data
D:\1- Antonine University\3rd Semester\2- Data Structure And Algorithm\Final Project Ralph Daher 202111413\FinalProjectGUI\FinalProjectGUI\MyForm.h(1682,11): warning C4244: 'initializing': conversion from 'wchar_t' to 'char', possible loss of data
D:\1- Antonine University\3rd Semester\2- Data Structure And Algorithm\Final Project Ralph Daher 202111413\FinalProjectGUI\FinalProjectGUI\MyForm.h(1735,78): warning C4244: 'argument': conversion from '__int64' to 'int', possible loss of data
D:\1- Antonine University\3rd Semester\2- Data Structure And Algorithm\Final Project Ralph Daher 202111413\FinalProjectGUI\FinalProjectGUI\MyForm.h(1752,84): warning C4244: 'argument': conversion from '__int64' to 'int', possible loss of data
D:\1- Antonine University\3rd Semester\2- Data Structure And Algorithm\Final Project Ralph Daher 202111413\FinalProjectGUI\FinalProjectGUI\MyForm.h(1786,11): warning C4244: 'initializing': conversion from 'wchar_t' to 'char', possible loss of data
D:\1- Antonine University\3rd Semester\2- Data Structure And Algorithm\Final Project Ralph Daher 202111413\FinalProjectGUI\FinalProjectGUI\MyForm.h(1792,11): warning C4244: 'initializing': conversion from 'wchar_t' to 'char', possible loss of data
D:\1- Antonine University\3rd Semester\2- Data Structure And Algorithm\Final Project Ralph Daher 202111413\FinalProjectGUI\FinalProjectGUI\MyForm.h(1798,11): warning C4244: 'initializing': conversion from 'wchar_t' to 'char', possible loss of data
D:\1- Antonine University\3rd Semester\2- Data Structure And Algorithm\Final Project Ralph Daher 202111413\FinalProjectGUI\FinalProjectGUI\MyForm.cpp(11,1): warning C4829: Possibly incorrect parameters to function main. Consider 'int main(Platform::Array<Platform::String^>^ argv)'
  MyForm.obj : MSIL module encountered; incremental linking is disabled for MSIL; performing full link
  FinalProjectGUI.vcxproj -> D:\1- Antonine University\3rd Semester\2- Data Structure And Algorithm\Final Project Ralph Daher 202111413\FinalProjectGUI\x64\Debug\FinalProjectGUI.exe
